<?xml version="1.0" encoding="UTF-8"?>
<!-- Generated by org.testng.reporters.JUnitXMLReporter -->
<testsuite hostname="DESKTOP-6U2ELF0" ignored="1" name="Default test(failed)" tests="1" failures="1" timestamp="2021-10-27T23:54:48 IST" time="0.063" errors="0">
  <testcase name="selectItems" time="0.008" classname="second.testNG.NewTest">
    <failure type="java.lang.AssertionError" message="expected [true] but found [false]">
      <![CDATA[java.lang.AssertionError: expected [true] but found [false]
at second.testNG.NewTest.selectItems(NewTest.java:20)
at java.util.ArrayList.forEach(ArrayList.java:1259)
... Removed 31 stack frames]]>
    </failure>
  </testcase> <!-- selectItems -->
  <testcase name="checkOut" time="0.0" classname="second.testNG.NewTest">
    <ignored/>
  </testcase> <!-- checkOut -->
</testsuite> <!-- Default test(failed) -->
