<?xml version="1.0" encoding="UTF-8"?>
<!-- Generated by org.testng.reporters.JUnitXMLReporter -->
<testsuite hostname="DESKTOP-6U2ELF0" ignored="0" name="asd" tests="6" failures="0" timestamp="2021-10-29T20:59:34 IST" time="37.041" errors="0">
  <testcase name="selectItems" time="0.015" classname="second.testNG.NewTest1"/>
  <testcase name="loginApplication" time="36.442" classname="second.testNG.NewTest1_2"/>
  <testcase name="checkOut" time="0.001" classname="second.testNG.NewTest1_2"/>
  <testcase name="checkOut" time="0.001" classname="second.testNG.NewTest1"/>
  <testcase name="loginApplication" time="36.799" classname="second.testNG.NewTest1"/>
  <testcase name="selectItems" time="36.968" classname="second.testNG.NewTest1_2"/>
</testsuite> <!-- asd -->
