<?xml version="1.0" encoding="UTF-8"?>
<!-- Generated by org.testng.reporters.JUnitXMLReporter -->
<testsuite hostname="DESKTOP-6U2ELF0" ignored="1" name="Default test(failed)(failed)" tests="1" failures="0" timestamp="2021-10-27T23:55:15 IST" time="0.067" errors="0">
  <testcase name="selectItems" time="0.01" classname="second.testNG.NewTest"/>
  <testcase name="checkOut" time="0.0" classname="second.testNG.NewTest">
    <ignored/>
  </testcase> <!-- checkOut -->
</testsuite> <!-- Default test(failed)(failed) -->
